2017-01-10 13:49:26 Notice: Notice (8): Undefined variable: theme in [D:\XAMPP5\htdocs\cobacake\plugins\AdminLTE\src\Template\Pages\coba.ctp, line 12]
Request URL: /pages/coba
Trace:
Cake\Error\BaseErrorHandler::handleError() - CORE\src\Error\BaseErrorHandler.php, line 146
include - ROOT\plugins\AdminLTE\src\Template\Pages\coba.ctp, line 12
Cake\View\View::_evaluate() - CORE\src\View\View.php, line 1014
Cake\View\View::_render() - CORE\src\View\View.php, line 973
Cake\View\View::render() - CORE\src\View\View.php, line 597
Cake\Controller\Controller::render() - CORE\src\Controller\Controller.php, line 617
App\Controller\PagesController::display() - APP/Controller\PagesController.php, line 57
Cake\Controller\Controller::invokeAction() - CORE\src\Controller\Controller.php, line 435
Cake\Http\ActionDispatcher::_invoke() - CORE\src\Http\ActionDispatcher.php, line 121
Cake\Http\ActionDispatcher::dispatch() - CORE\src\Http\ActionDispatcher.php, line 95
Cake\Routing\Dispatcher::dispatch() - CORE\src\Routing\Dispatcher.php, line 60
[main] - ROOT\webroot\index.php, line 37



2017-01-10 13:50:39 Notice: Notice (8): Undefined variable: theme in [D:\XAMPP5\htdocs\cobacake\plugins\AdminLTE\src\Template\Pages\coba.ctp, line 12]
Request URL: /pages/coba
Trace:
Cake\Error\BaseErrorHandler::handleError() - CORE\src\Error\BaseErrorHandler.php, line 146
include - ROOT\plugins\AdminLTE\src\Template\Pages\coba.ctp, line 12
Cake\View\View::_evaluate() - CORE\src\View\View.php, line 1014
Cake\View\View::_render() - CORE\src\View\View.php, line 973
Cake\View\View::render() - CORE\src\View\View.php, line 597
Cake\Controller\Controller::render() - CORE\src\Controller\Controller.php, line 617
App\Controller\PagesController::display() - APP/Controller\PagesController.php, line 57
Cake\Controller\Controller::invokeAction() - CORE\src\Controller\Controller.php, line 435
Cake\Http\ActionDispatcher::_invoke() - CORE\src\Http\ActionDispatcher.php, line 121
Cake\Http\ActionDispatcher::dispatch() - CORE\src\Http\ActionDispatcher.php, line 95
Cake\Routing\Dispatcher::dispatch() - CORE\src\Routing\Dispatcher.php, line 60
[main] - ROOT\webroot\index.php, line 37



2017-01-10 13:51:29 Notice: Notice (8): Undefined variable: title in [D:\XAMPP5\htdocs\cobacake\plugins\AdminLTE\src\Template\Pages\coba.ctp, line 12]
Request URL: /pages/coba
Trace:
Cake\Error\BaseErrorHandler::handleError() - CORE\src\Error\BaseErrorHandler.php, line 146
include - ROOT\plugins\AdminLTE\src\Template\Pages\coba.ctp, line 12
Cake\View\View::_evaluate() - CORE\src\View\View.php, line 1014
Cake\View\View::_render() - CORE\src\View\View.php, line 973
Cake\View\View::render() - CORE\src\View\View.php, line 597
Cake\Controller\Controller::render() - CORE\src\Controller\Controller.php, line 617
App\Controller\PagesController::display() - APP/Controller\PagesController.php, line 57
Cake\Controller\Controller::invokeAction() - CORE\src\Controller\Controller.php, line 435
Cake\Http\ActionDispatcher::_invoke() - CORE\src\Http\ActionDispatcher.php, line 121
Cake\Http\ActionDispatcher::dispatch() - CORE\src\Http\ActionDispatcher.php, line 95
Cake\Routing\Dispatcher::dispatch() - CORE\src\Routing\Dispatcher.php, line 60
[main] - ROOT\webroot\index.php, line 37



2017-01-10 13:51:34 Notice: Notice (8): Undefined variable: title in [D:\XAMPP5\htdocs\cobacake\plugins\AdminLTE\src\Template\Pages\coba.ctp, line 12]
Request URL: /pages/coba
Trace:
Cake\Error\BaseErrorHandler::handleError() - CORE\src\Error\BaseErrorHandler.php, line 146
include - ROOT\plugins\AdminLTE\src\Template\Pages\coba.ctp, line 12
Cake\View\View::_evaluate() - CORE\src\View\View.php, line 1014
Cake\View\View::_render() - CORE\src\View\View.php, line 973
Cake\View\View::render() - CORE\src\View\View.php, line 597
Cake\Controller\Controller::render() - CORE\src\Controller\Controller.php, line 617
App\Controller\PagesController::display() - APP/Controller\PagesController.php, line 57
Cake\Controller\Controller::invokeAction() - CORE\src\Controller\Controller.php, line 435
Cake\Http\ActionDispatcher::_invoke() - CORE\src\Http\ActionDispatcher.php, line 121
Cake\Http\ActionDispatcher::dispatch() - CORE\src\Http\ActionDispatcher.php, line 95
Cake\Routing\Dispatcher::dispatch() - CORE\src\Routing\Dispatcher.php, line 60
[main] - ROOT\webroot\index.php, line 37



2017-01-10 13:52:47 Notice: Notice (8): Undefined variable: title in [D:\XAMPP5\htdocs\cobacake\plugins\AdminLTE\src\Template\Pages\coba.ctp, line 12]
Request URL: /pages/coba
Trace:
Cake\Error\BaseErrorHandler::handleError() - CORE\src\Error\BaseErrorHandler.php, line 146
include - ROOT\plugins\AdminLTE\src\Template\Pages\coba.ctp, line 12
Cake\View\View::_evaluate() - CORE\src\View\View.php, line 1014
Cake\View\View::_render() - CORE\src\View\View.php, line 973
Cake\View\View::render() - CORE\src\View\View.php, line 597
Cake\Controller\Controller::render() - CORE\src\Controller\Controller.php, line 617
App\Controller\PagesController::display() - APP/Controller\PagesController.php, line 57
Cake\Controller\Controller::invokeAction() - CORE\src\Controller\Controller.php, line 435
Cake\Http\ActionDispatcher::_invoke() - CORE\src\Http\ActionDispatcher.php, line 121
Cake\Http\ActionDispatcher::dispatch() - CORE\src\Http\ActionDispatcher.php, line 95
Cake\Routing\Dispatcher::dispatch() - CORE\src\Routing\Dispatcher.php, line 60
[main] - ROOT\webroot\index.php, line 37



2017-01-10 13:58:59 Notice: Notice (8): Undefined variable: title in [D:\XAMPP5\htdocs\cobacake\plugins\AdminLTE\src\Template\Pages\coba.ctp, line 12]
Request URL: /pages/coba
Trace:
Cake\Error\BaseErrorHandler::handleError() - CORE\src\Error\BaseErrorHandler.php, line 146
include - ROOT\plugins\AdminLTE\src\Template\Pages\coba.ctp, line 12
Cake\View\View::_evaluate() - CORE\src\View\View.php, line 1014
Cake\View\View::_render() - CORE\src\View\View.php, line 973
Cake\View\View::render() - CORE\src\View\View.php, line 597
Cake\Controller\Controller::render() - CORE\src\Controller\Controller.php, line 617
App\Controller\PagesController::display() - APP/Controller\PagesController.php, line 57
Cake\Controller\Controller::invokeAction() - CORE\src\Controller\Controller.php, line 435
Cake\Http\ActionDispatcher::_invoke() - CORE\src\Http\ActionDispatcher.php, line 121
Cake\Http\ActionDispatcher::dispatch() - CORE\src\Http\ActionDispatcher.php, line 95
Cake\Routing\Dispatcher::dispatch() - CORE\src\Routing\Dispatcher.php, line 60
[main] - ROOT\webroot\index.php, line 37



2017-01-10 14:12:11 Notice: Notice (8): Undefined variable: theme in [D:\XAMPP5\htdocs\cobacake\plugins\AdminLTE\src\Template\Layout\default.ctp, line 40]
Request URL: /pages/coba
Trace:
Cake\Error\BaseErrorHandler::handleError() - CORE\src\Error\BaseErrorHandler.php, line 146
include - ROOT\plugins\AdminLTE\src\Template\Layout\default.ctp, line 40
Cake\View\View::_evaluate() - CORE\src\View\View.php, line 1014
Cake\View\View::_render() - CORE\src\View\View.php, line 973
Cake\View\View::renderLayout() - CORE\src\View\View.php, line 644
Cake\View\View::render() - CORE\src\View\View.php, line 602
Cake\Controller\Controller::render() - CORE\src\Controller\Controller.php, line 617
App\Controller\PagesController::display() - APP/Controller\PagesController.php, line 57
Cake\Controller\Controller::invokeAction() - CORE\src\Controller\Controller.php, line 435
Cake\Http\ActionDispatcher::_invoke() - CORE\src\Http\ActionDispatcher.php, line 121
Cake\Http\ActionDispatcher::dispatch() - CORE\src\Http\ActionDispatcher.php, line 95
Cake\Routing\Dispatcher::dispatch() - CORE\src\Routing\Dispatcher.php, line 60
[main] - ROOT\webroot\index.php, line 37



2017-01-10 14:12:11 Notice: Notice (8): Undefined variable: theme in [D:\XAMPP5\htdocs\cobacake\plugins\AdminLTE\src\Template\Layout\default.ctp, line 42]
Request URL: /pages/coba
Trace:
Cake\Error\BaseErrorHandler::handleError() - CORE\src\Error\BaseErrorHandler.php, line 146
include - ROOT\plugins\AdminLTE\src\Template\Layout\default.ctp, line 42
Cake\View\View::_evaluate() - CORE\src\View\View.php, line 1014
Cake\View\View::_render() - CORE\src\View\View.php, line 973
Cake\View\View::renderLayout() - CORE\src\View\View.php, line 644
Cake\View\View::render() - CORE\src\View\View.php, line 602
Cake\Controller\Controller::render() - CORE\src\Controller\Controller.php, line 617
App\Controller\PagesController::display() - APP/Controller\PagesController.php, line 57
Cake\Controller\Controller::invokeAction() - CORE\src\Controller\Controller.php, line 435
Cake\Http\ActionDispatcher::_invoke() - CORE\src\Http\ActionDispatcher.php, line 121
Cake\Http\ActionDispatcher::dispatch() - CORE\src\Http\ActionDispatcher.php, line 95
Cake\Routing\Dispatcher::dispatch() - CORE\src\Routing\Dispatcher.php, line 60
[main] - ROOT\webroot\index.php, line 37



2017-01-10 16:45:44 Notice: Notice (8): Undefined index: user in [D:\XAMPP5\htdocs\cobacake\plugins\AdminLTE\src\Template\Element\navbar.ctp, line 16]
Request URL: /pages/examples/blank
Referer URL: http://localhost:8765/pages/coba
Trace:
Cake\Error\BaseErrorHandler::handleError() - CORE\src\Error\BaseErrorHandler.php, line 146
include - ROOT\plugins\AdminLTE\src\Template\Element\navbar.ctp, line 16
Cake\View\View::_evaluate() - CORE\src\View\View.php, line 1014
Cake\View\View::_render() - CORE\src\View\View.php, line 973
Cake\View\View::_renderElement() - CORE\src\View\View.php, line 1363
Cake\View\View::element() - CORE\src\View\View.php, line 501
include - ROOT\plugins\AdminLTE\src\Template\Layout\default.ctp, line 48
Cake\View\View::_evaluate() - CORE\src\View\View.php, line 1014
Cake\View\View::_render() - CORE\src\View\View.php, line 973
Cake\View\View::renderLayout() - CORE\src\View\View.php, line 644
Cake\View\View::render() - CORE\src\View\View.php, line 602
Cake\Controller\Controller::render() - CORE\src\Controller\Controller.php, line 617
App\Controller\PagesController::display() - APP/Controller\PagesController.php, line 57
Cake\Controller\Controller::invokeAction() - CORE\src\Controller\Controller.php, line 435
Cake\Http\ActionDispatcher::_invoke() - CORE\src\Http\ActionDispatcher.php, line 121
Cake\Http\ActionDispatcher::dispatch() - CORE\src\Http\ActionDispatcher.php, line 95
Cake\Routing\Dispatcher::dispatch() - CORE\src\Routing\Dispatcher.php, line 60
[main] - ROOT\webroot\index.php, line 37



